<?xml version="1.0" encoding="UTF-8"?>
<Site BuildName="Linux-c++"
	BuildStamp="20250908-1844-Experimental"
	Name="IsaacGram"
	Generator="ctest-3.22.1"
	CompilerName="/usr/bin/c++"
	CompilerVersion="11.4.0"
	OSName="Linux"
	Hostname="IsaacGram"
	OSRelease="6.6.87.2-microsoft-standard-WSL2"
	OSVersion="#1 SMP PREEMPT_DYNAMIC Thu Jun  5 18:30:46 UTC 2025"
	OSPlatform="x86_64"
	Is64Bits="1"
	VendorString="GenuineIntel"
	VendorID="Intel Corporation"
	FamilyID="6"
	ModelID="186"
	ProcessorCacheSize="12288"
	NumberOfLogicalCPU="16"
	NumberOfPhysicalCPU="8"
	TotalVirtualMemory="2048"
	TotalPhysicalMemory="7808"
	LogicalProcessorsPerPhysical="2"
	ProcessorClockFrequency="2188.81"
	>
	<Testing>
		<StartDateTime>Sep 08 13:45 CDT</StartDateTime>
		<StartTestTime>1757357134</StartTestTime>
		<TestList/>
		<EndDateTime>Sep 08 13:45 CDT</EndDateTime>
		<EndTestTime>1757357134</EndTestTime>
		<ElapsedMinutes>0</ElapsedMinutes>
	</Testing>
</Site>
